<?xml version="1.0" encoding="UTF-8"?>
<!-- Generated by org.testng.reporters.JUnitReportReporter -->
<testsuite skipped="2" hostname="DELL-PC" name="test.helpAttributeEnabledTC07" tests="8" failures="0" timestamp="2019-09-22T15:29:38 IST" time="0.000" errors="2">
  <testcase name="charging" time="0.000" classname="test.helpAttributeEnabledTC07"/>
  <testcase name="deviceManagement" time="0.000" classname="test.helpAttributeEnabledTC07"/>
  <testcase name="subscription" time="0.000" classname="test.helpAttributeEnabledTC07"/>
  <testcase name="userProfileManagement" time="0.000" classname="test.helpAttributeEnabledTC07">
    <error type="org.testng.TestNGException" message="
Parameter &#039;URL3&#039; is required by @Test on method userProfileManagement but has not been marked @Optional or defined
in F:\EclipseIde_workSpace\TestNGTutorial\packagesTest.xml">
      <![CDATA[org.testng.TestNGException: 
Parameter 'URL3' is required by @Test on method userProfileManagement but has not been marked @Optional or defined
in F:\EclipseIde_workSpace\TestNGTutorial\packagesTest.xml
at org.testng.internal.Parameters.createParams(Parameters.java:289)
at org.testng.internal.Parameters.createParametersForMethod(Parameters.java:377)
at org.testng.internal.Parameters.createParameters(Parameters.java:721)
at org.testng.internal.Parameters.handleParameters(Parameters.java:895)
at org.testng.internal.Parameters.handleParameters(Parameters.java:762)
at org.testng.internal.ParameterHandler.handleParameters(ParameterHandler.java:60)
at org.testng.internal.ParameterHandler.createParameters(ParameterHandler.java:39)
at org.testng.internal.TestInvoker$MethodInvocationAgent.invoke(TestInvoker.java:771)
at org.testng.internal.TestInvoker.invokeTestMethods(TestInvoker.java:145)
at org.testng.internal.TestMethodWorker.invokeTestMethods(TestMethodWorker.java:146)
at org.testng.internal.TestMethodWorker.run(TestMethodWorker.java:128)
at java.util.ArrayList.forEach(ArrayList.java:1257)
at org.testng.TestRunner.privateRun(TestRunner.java:770)
at org.testng.TestRunner.run(TestRunner.java:591)
at org.testng.SuiteRunner.runTest(SuiteRunner.java:402)
at org.testng.SuiteRunner.access$000(SuiteRunner.java:41)
at org.testng.SuiteRunner$SuiteWorker.run(SuiteRunner.java:443)
at org.testng.internal.thread.ThreadUtil.lambda$execute$0(ThreadUtil.java:67)
at java.util.concurrent.FutureTask.run(FutureTask.java:266)
at java.util.concurrent.ThreadPoolExecutor.runWorker(ThreadPoolExecutor.java:1149)
at java.util.concurrent.ThreadPoolExecutor$Worker.run(ThreadPoolExecutor.java:624)
at java.lang.Thread.run(Thread.java:748)
]]>
    </error>
  </testcase> <!-- userProfileManagement -->
  <testcase name="Activation" time="0.000" classname="test.helpAttributeEnabledTC07">
    <error type="org.testng.TestNGException" message="
Parameter &#039;URL1&#039; is required by @Test on method Activation but has not been marked @Optional or defined
in F:\EclipseIde_workSpace\TestNGTutorial\packagesTest.xml">
      <![CDATA[org.testng.TestNGException: 
Parameter 'URL1' is required by @Test on method Activation but has not been marked @Optional or defined
in F:\EclipseIde_workSpace\TestNGTutorial\packagesTest.xml
at org.testng.internal.Parameters.createParams(Parameters.java:289)
at org.testng.internal.Parameters.createParametersForMethod(Parameters.java:377)
at org.testng.internal.Parameters.createParameters(Parameters.java:721)
at org.testng.internal.Parameters.handleParameters(Parameters.java:895)
at org.testng.internal.Parameters.handleParameters(Parameters.java:762)
at org.testng.internal.ParameterHandler.handleParameters(ParameterHandler.java:60)
at org.testng.internal.ParameterHandler.createParameters(ParameterHandler.java:39)
at org.testng.internal.TestInvoker$MethodInvocationAgent.invoke(TestInvoker.java:771)
at org.testng.internal.TestInvoker.invokeTestMethods(TestInvoker.java:145)
at org.testng.internal.TestMethodWorker.invokeTestMethods(TestMethodWorker.java:146)
at org.testng.internal.TestMethodWorker.run(TestMethodWorker.java:128)
at java.util.ArrayList.forEach(ArrayList.java:1257)
at org.testng.TestRunner.privateRun(TestRunner.java:770)
at org.testng.TestRunner.run(TestRunner.java:591)
at org.testng.SuiteRunner.runTest(SuiteRunner.java:402)
at org.testng.SuiteRunner.access$000(SuiteRunner.java:41)
at org.testng.SuiteRunner$SuiteWorker.run(SuiteRunner.java:443)
at org.testng.internal.thread.ThreadUtil.lambda$execute$0(ThreadUtil.java:67)
at java.util.concurrent.FutureTask.run(FutureTask.java:266)
at java.util.concurrent.ThreadPoolExecutor.runWorker(ThreadPoolExecutor.java:1149)
at java.util.concurrent.ThreadPoolExecutor$Worker.run(ThreadPoolExecutor.java:624)
at java.lang.Thread.run(Thread.java:748)
]]>
    </error>
  </testcase> <!-- Activation -->
  <testcase name="orderManagement" time="0.000" classname="test.helpAttributeEnabledTC07"/>
  <testcase name="productCatlogue" classname="test.helpAttributeEnabledTC07">
    <skipped/>
  </testcase> <!-- productCatlogue -->
  <testcase name="billingHistory" classname="test.helpAttributeEnabledTC07">
    <skipped/>
  </testcase> <!-- billingHistory -->
</testsuite> <!-- test.helpAttributeEnabledTC07 -->
