<html>
<head>
<title>TestNG:  All test cases</title>
<link href="../testng.css" rel="stylesheet" type="text/css" />
<link href="../my-testng.css" rel="stylesheet" type="text/css" />

<style type="text/css">
.log { display: none;} 
.stack-trace { display: none;} 
</style>
<script type="text/javascript">
<!--
function flip(e) {
  current = e.style.display;
  if (current == 'block') {
    e.style.display = 'none';
    return 0;
  }
  else {
    e.style.display = 'block';
    return 1;
  }
}

function toggleBox(szDivId, elem, msg1, msg2)
{
  var res = -1;  if (document.getElementById) {
    res = flip(document.getElementById(szDivId));
  }
  else if (document.all) {
    // this is the way old msie versions work
    res = flip(document.all[szDivId]);
  }
  if(elem) {
    if(res == 0) elem.innerHTML = msg1; else elem.innerHTML = msg2;
  }

}

function toggleAllBoxes() {
  if (document.getElementsByTagName) {
    d = document.getElementsByTagName('div');
    for (i = 0; i < d.length; i++) {
      if (d[i].className == 'log') {
        flip(d[i]);
      }
    }
  }
}

// -->
</script>

</head>
<body>
<h2 align='center'>All test cases</h2><table border='1' align="center">
<tr>
<td>Tests passed/Failed/Skipped:</td><td>38/8/0</td>
</tr><tr>
<td>Started on:</td><td>Sun Sep 22 15:29:37 IST 2019</td>
</tr>
<tr><td>Total time:</td><td>0 seconds (242 ms)</td>
</tr><tr>
<td>Included groups:</td><td></td>
</tr><tr>
<td>Excluded groups:</td><td></td>
</tr>
</table><p/>
<small><i>(Hover the method name to see the test class name)</i></small><p/>
<table width='100%' border='1' class='invocation-failed'>
<tr><td colspan='4' align='center'><b>FAILED TESTS</b></td></tr>
<tr><td><b>Test method</b></td>
<td width="30%"><b>Exception</b></td>
<td width="10%"><b>Time (seconds)</b></td>
<td><b>Instance</b></td>
</tr>
<tr>
<td title='test.helpAttributeEnabledTC07.Activation()'><b>Activation</b><br>Test class: test.helpAttributeEnabledTC07</td>
<td><div><pre>org.testng.TestNGException: 
Parameter &apos;URL1&apos; is required by @Test on method Activation but has not been marked @Optional or defined
in F:\EclipseIde_workSpace\TestNGTutorial\packagesTest.xml
	at java.util.ArrayList.forEach(ArrayList.java:1257)
	at java.util.concurrent.FutureTask.run(FutureTask.java:266)
	at java.util.concurrent.ThreadPoolExecutor.runWorker(ThreadPoolExecutor.java:1149)
	at java.util.concurrent.ThreadPoolExecutor$Worker.run(ThreadPoolExecutor.java:624)
	at java.lang.Thread.run(Thread.java:748)
... Removed 17 stack frames</pre></div><a href='#' onClick='toggleBox("stack-trace14037372", this, "Click to show all stack frames", "Click to hide stack frames")'>Click to show all stack frames</a>
<div class='stack-trace' id='stack-trace14037372'><pre>org.testng.TestNGException: 
Parameter &apos;URL1&apos; is required by @Test on method Activation but has not been marked @Optional or defined
in F:\EclipseIde_workSpace\TestNGTutorial\packagesTest.xml
	at org.testng.internal.Parameters.createParams(Parameters.java:289)
	at org.testng.internal.Parameters.createParametersForMethod(Parameters.java:377)
	at org.testng.internal.Parameters.createParameters(Parameters.java:721)
	at org.testng.internal.Parameters.handleParameters(Parameters.java:895)
	at org.testng.internal.Parameters.handleParameters(Parameters.java:762)
	at org.testng.internal.ParameterHandler.handleParameters(ParameterHandler.java:60)
	at org.testng.internal.ParameterHandler.createParameters(ParameterHandler.java:39)
	at org.testng.internal.TestInvoker$MethodInvocationAgent.invoke(TestInvoker.java:771)
	at org.testng.internal.TestInvoker.invokeTestMethods(TestInvoker.java:145)
	at org.testng.internal.TestMethodWorker.invokeTestMethods(TestMethodWorker.java:146)
	at org.testng.internal.TestMethodWorker.run(TestMethodWorker.java:128)
	at java.util.ArrayList.forEach(ArrayList.java:1257)
	at org.testng.TestRunner.privateRun(TestRunner.java:770)
	at org.testng.TestRunner.run(TestRunner.java:591)
	at org.testng.SuiteRunner.runTest(SuiteRunner.java:402)
	at org.testng.SuiteRunner.access$000(SuiteRunner.java:41)
	at org.testng.SuiteRunner$SuiteWorker.run(SuiteRunner.java:443)
	at org.testng.internal.thread.ThreadUtil.lambda$execute$0(ThreadUtil.java:67)
	at java.util.concurrent.FutureTask.run(FutureTask.java:266)
	at java.util.concurrent.ThreadPoolExecutor.runWorker(ThreadPoolExecutor.java:1149)
	at java.util.concurrent.ThreadPoolExecutor$Worker.run(ThreadPoolExecutor.java:624)
	at java.lang.Thread.run(Thread.java:748)
</pre></div></td>
<td>0</td>
<td>test.helpAttributeEnabledTC07@1970963</td></tr>
<tr>
<td title='test.dataProviderAnnotationTC10.deleteKeytrol()'><b>deleteKeytrol</b><br>Test class: test.dataProviderAnnotationTC10</td>
<td><div><pre>org.testng.TestNGException: 
Parameter &apos;URL1&apos; is required by @Test on method deleteKeytrol but has not been marked @Optional or defined
in F:\EclipseIde_workSpace\TestNGTutorial\packagesTest.xml
	at java.util.ArrayList.forEach(ArrayList.java:1257)
	at java.util.concurrent.FutureTask.run(FutureTask.java:266)
	at java.util.concurrent.ThreadPoolExecutor.runWorker(ThreadPoolExecutor.java:1149)
	at java.util.concurrent.ThreadPoolExecutor$Worker.run(ThreadPoolExecutor.java:624)
	at java.lang.Thread.run(Thread.java:748)
... Removed 17 stack frames</pre></div><a href='#' onClick='toggleBox("stack-trace30098648", this, "Click to show all stack frames", "Click to hide stack frames")'>Click to show all stack frames</a>
<div class='stack-trace' id='stack-trace30098648'><pre>org.testng.TestNGException: 
Parameter &apos;URL1&apos; is required by @Test on method deleteKeytrol but has not been marked @Optional or defined
in F:\EclipseIde_workSpace\TestNGTutorial\packagesTest.xml
	at org.testng.internal.Parameters.createParams(Parameters.java:289)
	at org.testng.internal.Parameters.createParametersForMethod(Parameters.java:377)
	at org.testng.internal.Parameters.createParameters(Parameters.java:721)
	at org.testng.internal.Parameters.handleParameters(Parameters.java:895)
	at org.testng.internal.Parameters.handleParameters(Parameters.java:762)
	at org.testng.internal.ParameterHandler.handleParameters(ParameterHandler.java:60)
	at org.testng.internal.ParameterHandler.createParameters(ParameterHandler.java:39)
	at org.testng.internal.TestInvoker$MethodInvocationAgent.invoke(TestInvoker.java:771)
	at org.testng.internal.TestInvoker.invokeTestMethods(TestInvoker.java:145)
	at org.testng.internal.TestMethodWorker.invokeTestMethods(TestMethodWorker.java:146)
	at org.testng.internal.TestMethodWorker.run(TestMethodWorker.java:128)
	at java.util.ArrayList.forEach(ArrayList.java:1257)
	at org.testng.TestRunner.privateRun(TestRunner.java:770)
	at org.testng.TestRunner.run(TestRunner.java:591)
	at org.testng.SuiteRunner.runTest(SuiteRunner.java:402)
	at org.testng.SuiteRunner.access$000(SuiteRunner.java:41)
	at org.testng.SuiteRunner$SuiteWorker.run(SuiteRunner.java:443)
	at org.testng.internal.thread.ThreadUtil.lambda$execute$0(ThreadUtil.java:67)
	at java.util.concurrent.FutureTask.run(FutureTask.java:266)
	at java.util.concurrent.ThreadPoolExecutor.runWorker(ThreadPoolExecutor.java:1149)
	at java.util.concurrent.ThreadPoolExecutor$Worker.run(ThreadPoolExecutor.java:624)
	at java.lang.Thread.run(Thread.java:748)
</pre></div></td>
<td>0</td>
<td>test.dataProviderAnnotationTC10@1e2dbf3</td></tr>
<tr>
<td title='test.parameterisingTC08.deleteKeytrol()'><b>deleteKeytrol</b><br>Test class: test.parameterisingTC08</td>
<td><div><pre>org.testng.TestNGException: 
Parameter &apos;URL1&apos; is required by @Test on method deleteKeytrol but has not been marked @Optional or defined
in F:\EclipseIde_workSpace\TestNGTutorial\packagesTest.xml
	at java.util.ArrayList.forEach(ArrayList.java:1257)
	at java.util.concurrent.FutureTask.run(FutureTask.java:266)
	at java.util.concurrent.ThreadPoolExecutor.runWorker(ThreadPoolExecutor.java:1149)
	at java.util.concurrent.ThreadPoolExecutor$Worker.run(ThreadPoolExecutor.java:624)
	at java.lang.Thread.run(Thread.java:748)
... Removed 17 stack frames</pre></div><a href='#' onClick='toggleBox("stack-trace16267717", this, "Click to show all stack frames", "Click to hide stack frames")'>Click to show all stack frames</a>
<div class='stack-trace' id='stack-trace16267717'><pre>org.testng.TestNGException: 
Parameter &apos;URL1&apos; is required by @Test on method deleteKeytrol but has not been marked @Optional or defined
in F:\EclipseIde_workSpace\TestNGTutorial\packagesTest.xml
	at org.testng.internal.Parameters.createParams(Parameters.java:289)
	at org.testng.internal.Parameters.createParametersForMethod(Parameters.java:377)
	at org.testng.internal.Parameters.createParameters(Parameters.java:721)
	at org.testng.internal.Parameters.handleParameters(Parameters.java:895)
	at org.testng.internal.Parameters.handleParameters(Parameters.java:762)
	at org.testng.internal.ParameterHandler.handleParameters(ParameterHandler.java:60)
	at org.testng.internal.ParameterHandler.createParameters(ParameterHandler.java:39)
	at org.testng.internal.TestInvoker$MethodInvocationAgent.invoke(TestInvoker.java:771)
	at org.testng.internal.TestInvoker.invokeTestMethods(TestInvoker.java:145)
	at org.testng.internal.TestMethodWorker.invokeTestMethods(TestMethodWorker.java:146)
	at org.testng.internal.TestMethodWorker.run(TestMethodWorker.java:128)
	at java.util.ArrayList.forEach(ArrayList.java:1257)
	at org.testng.TestRunner.privateRun(TestRunner.java:770)
	at org.testng.TestRunner.run(TestRunner.java:591)
	at org.testng.SuiteRunner.runTest(SuiteRunner.java:402)
	at org.testng.SuiteRunner.access$000(SuiteRunner.java:41)
	at org.testng.SuiteRunner$SuiteWorker.run(SuiteRunner.java:443)
	at org.testng.internal.thread.ThreadUtil.lambda$execute$0(ThreadUtil.java:67)
	at java.util.concurrent.FutureTask.run(FutureTask.java:266)
	at java.util.concurrent.ThreadPoolExecutor.runWorker(ThreadPoolExecutor.java:1149)
	at java.util.concurrent.ThreadPoolExecutor$Worker.run(ThreadPoolExecutor.java:624)
	at java.lang.Thread.run(Thread.java:748)
</pre></div></td>
<td>0</td>
<td>test.parameterisingTC08@87af79</td></tr>
<tr>
<td title='test.parameterisingTC08.getKeytrol()'><b>getKeytrol</b><br>Test class: test.parameterisingTC08</td>
<td><div><pre>org.testng.TestNGException: 
Parameter &apos;APIkey/userName&apos; is required by @Test on method getKeytrol but has not been marked @Optional or defined
in F:\EclipseIde_workSpace\TestNGTutorial\packagesTest.xml
	at java.util.ArrayList.forEach(ArrayList.java:1257)
	at java.util.concurrent.FutureTask.run(FutureTask.java:266)
	at java.util.concurrent.ThreadPoolExecutor.runWorker(ThreadPoolExecutor.java:1149)
	at java.util.concurrent.ThreadPoolExecutor$Worker.run(ThreadPoolExecutor.java:624)
	at java.lang.Thread.run(Thread.java:748)
... Removed 17 stack frames</pre></div><a href='#' onClick='toggleBox("stack-trace1893244", this, "Click to show all stack frames", "Click to hide stack frames")'>Click to show all stack frames</a>
<div class='stack-trace' id='stack-trace1893244'><pre>org.testng.TestNGException: 
Parameter &apos;APIkey/userName&apos; is required by @Test on method getKeytrol but has not been marked @Optional or defined
in F:\EclipseIde_workSpace\TestNGTutorial\packagesTest.xml
	at org.testng.internal.Parameters.createParams(Parameters.java:289)
	at org.testng.internal.Parameters.createParametersForMethod(Parameters.java:377)
	at org.testng.internal.Parameters.createParameters(Parameters.java:721)
	at org.testng.internal.Parameters.handleParameters(Parameters.java:895)
	at org.testng.internal.Parameters.handleParameters(Parameters.java:762)
	at org.testng.internal.ParameterHandler.handleParameters(ParameterHandler.java:60)
	at org.testng.internal.ParameterHandler.createParameters(ParameterHandler.java:39)
	at org.testng.internal.TestInvoker$MethodInvocationAgent.invoke(TestInvoker.java:771)
	at org.testng.internal.TestInvoker.invokeTestMethods(TestInvoker.java:145)
	at org.testng.internal.TestMethodWorker.invokeTestMethods(TestMethodWorker.java:146)
	at org.testng.internal.TestMethodWorker.run(TestMethodWorker.java:128)
	at java.util.ArrayList.forEach(ArrayList.java:1257)
	at org.testng.TestRunner.privateRun(TestRunner.java:770)
	at org.testng.TestRunner.run(TestRunner.java:591)
	at org.testng.SuiteRunner.runTest(SuiteRunner.java:402)
	at org.testng.SuiteRunner.access$000(SuiteRunner.java:41)
	at org.testng.SuiteRunner$SuiteWorker.run(SuiteRunner.java:443)
	at org.testng.internal.thread.ThreadUtil.lambda$execute$0(ThreadUtil.java:67)
	at java.util.concurrent.FutureTask.run(FutureTask.java:266)
	at java.util.concurrent.ThreadPoolExecutor.runWorker(ThreadPoolExecutor.java:1149)
	at java.util.concurrent.ThreadPoolExecutor$Worker.run(ThreadPoolExecutor.java:624)
	at java.lang.Thread.run(Thread.java:748)
</pre></div></td>
<td>0</td>
<td>test.parameterisingTC08@87af79</td></tr>
<tr>
<td title='test.helpAttribute_timeOutTC06.orderManagement()'><b>orderManagement</b><br>Test class: test.helpAttribute_timeOutTC06</td>
<td><div><pre>java.lang.AssertionError: did not expect to find [true] but found [false]
	at test.helpAttribute_timeOutTC06.orderManagement(helpAttribute_timeOutTC06.java:19)
	at java.util.ArrayList.forEach(ArrayList.java:1257)
	at java.util.concurrent.FutureTask.run(FutureTask.java:266)
	at java.util.concurrent.ThreadPoolExecutor.runWorker(ThreadPoolExecutor.java:1149)
	at java.util.concurrent.ThreadPoolExecutor$Worker.run(ThreadPoolExecutor.java:624)
	at java.lang.Thread.run(Thread.java:748)
... Removed 22 stack frames</pre></div><a href='#' onClick='toggleBox("stack-trace17226690", this, "Click to show all stack frames", "Click to hide stack frames")'>Click to show all stack frames</a>
<div class='stack-trace' id='stack-trace17226690'><pre>java.lang.AssertionError: did not expect to find [true] but found [false]
	at org.testng.Assert.fail(Assert.java:97)
	at org.testng.Assert.failNotEquals(Assert.java:969)
	at org.testng.Assert.assertTrue(Assert.java:43)
	at org.testng.Assert.assertTrue(Assert.java:53)
	at test.helpAttribute_timeOutTC06.orderManagement(helpAttribute_timeOutTC06.java:19)
	at sun.reflect.NativeMethodAccessorImpl.invoke0(Native Method)
	at sun.reflect.NativeMethodAccessorImpl.invoke(NativeMethodAccessorImpl.java:62)
	at sun.reflect.DelegatingMethodAccessorImpl.invoke(DelegatingMethodAccessorImpl.java:43)
	at java.lang.reflect.Method.invoke(Method.java:498)
	at org.testng.internal.MethodInvocationHelper.invokeMethod(MethodInvocationHelper.java:133)
	at org.testng.internal.TestInvoker.invokeMethod(TestInvoker.java:584)
	at org.testng.internal.TestInvoker.invokeTestMethod(TestInvoker.java:172)
	at org.testng.internal.MethodRunner.runInSequence(MethodRunner.java:46)
	at org.testng.internal.TestInvoker$MethodInvocationAgent.invoke(TestInvoker.java:804)
	at org.testng.internal.TestInvoker.invokeTestMethods(TestInvoker.java:145)
	at org.testng.internal.TestMethodWorker.invokeTestMethods(TestMethodWorker.java:146)
	at org.testng.internal.TestMethodWorker.run(TestMethodWorker.java:128)
	at java.util.ArrayList.forEach(ArrayList.java:1257)
	at org.testng.TestRunner.privateRun(TestRunner.java:770)
	at org.testng.TestRunner.run(TestRunner.java:591)
	at org.testng.SuiteRunner.runTest(SuiteRunner.java:402)
	at org.testng.SuiteRunner.access$000(SuiteRunner.java:41)
	at org.testng.SuiteRunner$SuiteWorker.run(SuiteRunner.java:443)
	at org.testng.internal.thread.ThreadUtil.lambda$execute$0(ThreadUtil.java:67)
	at java.util.concurrent.FutureTask.run(FutureTask.java:266)
	at java.util.concurrent.ThreadPoolExecutor.runWorker(ThreadPoolExecutor.java:1149)
	at java.util.concurrent.ThreadPoolExecutor$Worker.run(ThreadPoolExecutor.java:624)
	at java.lang.Thread.run(Thread.java:748)
</pre></div></td>
<td>0</td>
<td>test.helpAttribute_timeOutTC06@149cea0</td></tr>
<tr>
<td title='test.dataProviderAnnotationTC10.syncKeytrol()'><b>syncKeytrol</b><br>Test class: test.dataProviderAnnotationTC10</td>
<td><div><pre>org.testng.TestNGException: 
Parameter &apos;URL2&apos; is required by @Test on method syncKeytrol but has not been marked @Optional or defined
in F:\EclipseIde_workSpace\TestNGTutorial\packagesTest.xml
	at java.util.ArrayList.forEach(ArrayList.java:1257)
	at java.util.concurrent.FutureTask.run(FutureTask.java:266)
	at java.util.concurrent.ThreadPoolExecutor.runWorker(ThreadPoolExecutor.java:1149)
	at java.util.concurrent.ThreadPoolExecutor$Worker.run(ThreadPoolExecutor.java:624)
	at java.lang.Thread.run(Thread.java:748)
... Removed 17 stack frames</pre></div><a href='#' onClick='toggleBox("stack-trace20737731", this, "Click to show all stack frames", "Click to hide stack frames")'>Click to show all stack frames</a>
<div class='stack-trace' id='stack-trace20737731'><pre>org.testng.TestNGException: 
Parameter &apos;URL2&apos; is required by @Test on method syncKeytrol but has not been marked @Optional or defined
in F:\EclipseIde_workSpace\TestNGTutorial\packagesTest.xml
	at org.testng.internal.Parameters.createParams(Parameters.java:289)
	at org.testng.internal.Parameters.createParametersForMethod(Parameters.java:377)
	at org.testng.internal.Parameters.createParameters(Parameters.java:721)
	at org.testng.internal.Parameters.handleParameters(Parameters.java:895)
	at org.testng.internal.Parameters.handleParameters(Parameters.java:762)
	at org.testng.internal.ParameterHandler.handleParameters(ParameterHandler.java:60)
	at org.testng.internal.ParameterHandler.createParameters(ParameterHandler.java:39)
	at org.testng.internal.TestInvoker$MethodInvocationAgent.invoke(TestInvoker.java:771)
	at org.testng.internal.TestInvoker.invokeTestMethods(TestInvoker.java:145)
	at org.testng.internal.TestMethodWorker.invokeTestMethods(TestMethodWorker.java:146)
	at org.testng.internal.TestMethodWorker.run(TestMethodWorker.java:128)
	at java.util.ArrayList.forEach(ArrayList.java:1257)
	at org.testng.TestRunner.privateRun(TestRunner.java:770)
	at org.testng.TestRunner.run(TestRunner.java:591)
	at org.testng.SuiteRunner.runTest(SuiteRunner.java:402)
	at org.testng.SuiteRunner.access$000(SuiteRunner.java:41)
	at org.testng.SuiteRunner$SuiteWorker.run(SuiteRunner.java:443)
	at org.testng.internal.thread.ThreadUtil.lambda$execute$0(ThreadUtil.java:67)
	at java.util.concurrent.FutureTask.run(FutureTask.java:266)
	at java.util.concurrent.ThreadPoolExecutor.runWorker(ThreadPoolExecutor.java:1149)
	at java.util.concurrent.ThreadPoolExecutor$Worker.run(ThreadPoolExecutor.java:624)
	at java.lang.Thread.run(Thread.java:748)
</pre></div></td>
<td>0</td>
<td>test.dataProviderAnnotationTC10@1e2dbf3</td></tr>
<tr>
<td title='test.parameterisingTC08.syncKeytrol()'><b>syncKeytrol</b><br>Test class: test.parameterisingTC08</td>
<td><div><pre>org.testng.TestNGException: 
Parameter &apos;URL2&apos; is required by @Test on method syncKeytrol but has not been marked @Optional or defined
in F:\EclipseIde_workSpace\TestNGTutorial\packagesTest.xml
	at java.util.ArrayList.forEach(ArrayList.java:1257)
	at java.util.concurrent.FutureTask.run(FutureTask.java:266)
	at java.util.concurrent.ThreadPoolExecutor.runWorker(ThreadPoolExecutor.java:1149)
	at java.util.concurrent.ThreadPoolExecutor$Worker.run(ThreadPoolExecutor.java:624)
	at java.lang.Thread.run(Thread.java:748)
... Removed 17 stack frames</pre></div><a href='#' onClick='toggleBox("stack-trace23200451", this, "Click to show all stack frames", "Click to hide stack frames")'>Click to show all stack frames</a>
<div class='stack-trace' id='stack-trace23200451'><pre>org.testng.TestNGException: 
Parameter &apos;URL2&apos; is required by @Test on method syncKeytrol but has not been marked @Optional or defined
in F:\EclipseIde_workSpace\TestNGTutorial\packagesTest.xml
	at org.testng.internal.Parameters.createParams(Parameters.java:289)
	at org.testng.internal.Parameters.createParametersForMethod(Parameters.java:377)
	at org.testng.internal.Parameters.createParameters(Parameters.java:721)
	at org.testng.internal.Parameters.handleParameters(Parameters.java:895)
	at org.testng.internal.Parameters.handleParameters(Parameters.java:762)
	at org.testng.internal.ParameterHandler.handleParameters(ParameterHandler.java:60)
	at org.testng.internal.ParameterHandler.createParameters(ParameterHandler.java:39)
	at org.testng.internal.TestInvoker$MethodInvocationAgent.invoke(TestInvoker.java:771)
	at org.testng.internal.TestInvoker.invokeTestMethods(TestInvoker.java:145)
	at org.testng.internal.TestMethodWorker.invokeTestMethods(TestMethodWorker.java:146)
	at org.testng.internal.TestMethodWorker.run(TestMethodWorker.java:128)
	at java.util.ArrayList.forEach(ArrayList.java:1257)
	at org.testng.TestRunner.privateRun(TestRunner.java:770)
	at org.testng.TestRunner.run(TestRunner.java:591)
	at org.testng.SuiteRunner.runTest(SuiteRunner.java:402)
	at org.testng.SuiteRunner.access$000(SuiteRunner.java:41)
	at org.testng.SuiteRunner$SuiteWorker.run(SuiteRunner.java:443)
	at org.testng.internal.thread.ThreadUtil.lambda$execute$0(ThreadUtil.java:67)
	at java.util.concurrent.FutureTask.run(FutureTask.java:266)
	at java.util.concurrent.ThreadPoolExecutor.runWorker(ThreadPoolExecutor.java:1149)
	at java.util.concurrent.ThreadPoolExecutor$Worker.run(ThreadPoolExecutor.java:624)
	at java.lang.Thread.run(Thread.java:748)
</pre></div></td>
<td>0</td>
<td>test.parameterisingTC08@87af79</td></tr>
<tr>
<td title='test.helpAttributeEnabledTC07.userProfileManagement()'><b>userProfileManagement</b><br>Test class: test.helpAttributeEnabledTC07</td>
<td><div><pre>org.testng.TestNGException: 
Parameter &apos;URL3&apos; is required by @Test on method userProfileManagement but has not been marked @Optional or defined
in F:\EclipseIde_workSpace\TestNGTutorial\packagesTest.xml
	at java.util.ArrayList.forEach(ArrayList.java:1257)
	at java.util.concurrent.FutureTask.run(FutureTask.java:266)
	at java.util.concurrent.ThreadPoolExecutor.runWorker(ThreadPoolExecutor.java:1149)
	at java.util.concurrent.ThreadPoolExecutor$Worker.run(ThreadPoolExecutor.java:624)
	at java.lang.Thread.run(Thread.java:748)
... Removed 17 stack frames</pre></div><a href='#' onClick='toggleBox("stack-trace31258132", this, "Click to show all stack frames", "Click to hide stack frames")'>Click to show all stack frames</a>
<div class='stack-trace' id='stack-trace31258132'><pre>org.testng.TestNGException: 
Parameter &apos;URL3&apos; is required by @Test on method userProfileManagement but has not been marked @Optional or defined
in F:\EclipseIde_workSpace\TestNGTutorial\packagesTest.xml
	at org.testng.internal.Parameters.createParams(Parameters.java:289)
	at org.testng.internal.Parameters.createParametersForMethod(Parameters.java:377)
	at org.testng.internal.Parameters.createParameters(Parameters.java:721)
	at org.testng.internal.Parameters.handleParameters(Parameters.java:895)
	at org.testng.internal.Parameters.handleParameters(Parameters.java:762)
	at org.testng.internal.ParameterHandler.handleParameters(ParameterHandler.java:60)
	at org.testng.internal.ParameterHandler.createParameters(ParameterHandler.java:39)
	at org.testng.internal.TestInvoker$MethodInvocationAgent.invoke(TestInvoker.java:771)
	at org.testng.internal.TestInvoker.invokeTestMethods(TestInvoker.java:145)
	at org.testng.internal.TestMethodWorker.invokeTestMethods(TestMethodWorker.java:146)
	at org.testng.internal.TestMethodWorker.run(TestMethodWorker.java:128)
	at java.util.ArrayList.forEach(ArrayList.java:1257)
	at org.testng.TestRunner.privateRun(TestRunner.java:770)
	at org.testng.TestRunner.run(TestRunner.java:591)
	at org.testng.SuiteRunner.runTest(SuiteRunner.java:402)
	at org.testng.SuiteRunner.access$000(SuiteRunner.java:41)
	at org.testng.SuiteRunner$SuiteWorker.run(SuiteRunner.java:443)
	at org.testng.internal.thread.ThreadUtil.lambda$execute$0(ThreadUtil.java:67)
	at java.util.concurrent.FutureTask.run(FutureTask.java:266)
	at java.util.concurrent.ThreadPoolExecutor.runWorker(ThreadPoolExecutor.java:1149)
	at java.util.concurrent.ThreadPoolExecutor$Worker.run(ThreadPoolExecutor.java:624)
	at java.lang.Thread.run(Thread.java:748)
</pre></div></td>
<td>0</td>
<td>test.helpAttributeEnabledTC07@1970963</td></tr>
</table><p>
<table width='100%' border='1' class='invocation-passed'>
<tr><td colspan='4' align='center'><b>PASSED TESTS</b></td></tr>
<tr><td><b>Test method</b></td>
<td width="30%"><b>Exception</b></td>
<td width="10%"><b>Time (seconds)</b></td>
<td><b>Instance</b></td>
</tr>
<tr>
<td title='test.helpAttribute_timeOutTC06.Activation()'><b>Activation</b><br>Test class: test.helpAttribute_timeOutTC06</td>
<td></td>
<td>0</td>
<td>test.helpAttribute_timeOutTC06@149cea0</td></tr>
<tr>
<td title='test.helpAttribute_dependsOnMethodsTC05.Activation()'><b>Activation</b><br>Test class: test.helpAttribute_dependsOnMethodsTC05</td>
<td></td>
<td>0</td>
<td>test.helpAttribute_dependsOnMethodsTC05@1f8bee4</td></tr>
<tr>
<td title='test.TestCaseM3.LoginAPICarLoan()'><b>LoginAPICarLoan</b><br>Test class: test.TestCaseM3</td>
<td></td>
<td>0</td>
<td>test.TestCaseM3@1b92f0a</td></tr>
<tr>
<td title='test.TestCaseM4.LoginAPIHomeoan()'><b>LoginAPIHomeoan</b><br>Test class: test.TestCaseM4</td>
<td></td>
<td>0</td>
<td>test.TestCaseM4@187ed94</td></tr>
<tr>
<td title='test.TestCaseM3.MobileLoan()'><b>MobileLoan</b><br>Test class: test.TestCaseM3</td>
<td></td>
<td>0</td>
<td>test.TestCaseM3@1b92f0a</td></tr>
<tr>
<td title='test.TestCaseM3.MobileLoginCarLoan()'><b>MobileLoginCarLoan</b><br>Test class: test.TestCaseM3</td>
<td></td>
<td>0</td>
<td>test.TestCaseM3@1b92f0a</td></tr>
<tr>
<td title='test.TestCaseM4.MobileLoginHomeLoan()'><b>MobileLoginHomeLoan</b><br>Test class: test.TestCaseM4</td>
<td></td>
<td>0</td>
<td>test.TestCaseM4@187ed94</td></tr>
<tr>
<td title='test.TestCaseM3.MobileSigninCarLoan()'><b>MobileSigninCarLoan</b><br>Test class: test.TestCaseM3</td>
<td></td>
<td>0</td>
<td>test.TestCaseM3@1b92f0a</td></tr>
<tr>
<td title='test.TestCaseM3.MobileSignoutCarLoan()'><b>MobileSignoutCarLoan</b><br>Test class: test.TestCaseM3</td>
<td></td>
<td>0</td>
<td>test.TestCaseM3@1b92f0a</td></tr>
<tr>
<td title='test.TestCaseM3.WebloginCarLoan()'><b>WebloginCarLoan</b><br>Test class: test.TestCaseM3</td>
<td></td>
<td>0</td>
<td>test.TestCaseM3@1b92f0a</td></tr>
<tr>
<td title='test.TestCaseM4.WebloginHomeLoan()'><b>WebloginHomeLoan</b><br>Test class: test.TestCaseM4</td>
<td></td>
<td>0</td>
<td>test.TestCaseM4@187ed94</td></tr>
<tr>
<td title='test.helpAttribute_dependsOnMethodsTC05.billingHistory()'><b>billingHistory</b><br>Test class: test.helpAttribute_dependsOnMethodsTC05</td>
<td></td>
<td>0</td>
<td>test.helpAttribute_dependsOnMethodsTC05@1f8bee4</td></tr>
<tr>
<td title='test.helpAttribute_timeOutTC06.billingHistory()'><b>billingHistory</b><br>Test class: test.helpAttribute_timeOutTC06</td>
<td></td>
<td>0</td>
<td>test.helpAttribute_timeOutTC06@149cea0</td></tr>
<tr>
<td title='test.helpAttributeEnabledTC07.charging()'><b>charging</b><br>Test class: test.helpAttributeEnabledTC07</td>
<td></td>
<td>0</td>
<td>test.helpAttributeEnabledTC07@1970963</td></tr>
<tr>
<td title='test.helpAttribute_dependsOnMethodsTC05.charging()'><b>charging</b><br>Test class: test.helpAttribute_dependsOnMethodsTC05</td>
<td></td>
<td>0</td>
<td>test.helpAttribute_dependsOnMethodsTC05@1f8bee4</td></tr>
<tr>
<td title='test.helpAttribute_timeOutTC06.charging()'><b>charging</b><br>Test class: test.helpAttribute_timeOutTC06</td>
<td></td>
<td>0</td>
<td>test.helpAttribute_timeOutTC06@149cea0</td></tr>
<tr>
<td title='test.helpAttributeEnabledTC07.deviceManagement()'><b>deviceManagement</b><br>Test class: test.helpAttributeEnabledTC07</td>
<td></td>
<td>0</td>
<td>test.helpAttributeEnabledTC07@1970963</td></tr>
<tr>
<td title='test.helpAttribute_dependsOnMethodsTC05.deviceManagement()'><b>deviceManagement</b><br>Test class: test.helpAttribute_dependsOnMethodsTC05</td>
<td></td>
<td>0</td>
<td>test.helpAttribute_dependsOnMethodsTC05@1f8bee4</td></tr>
<tr>
<td title='test.helpAttribute_timeOutTC06.deviceManagement()'><b>deviceManagement</b><br>Test class: test.helpAttribute_timeOutTC06</td>
<td></td>
<td>0</td>
<td>test.helpAttribute_timeOutTC06@149cea0</td></tr>
<tr>
<td title='test.dataProviderAnnotationTC10.getKeytrol()'><b>getKeytrol</b><br>Test class: test.dataProviderAnnotationTC10<br>Parameters: firstUserName, firstUserPassword</td>
<td></td>
<td>0</td>
<td>test.dataProviderAnnotationTC10@1e2dbf3</td></tr>
<tr>
<td title='test.dataProviderAnnotationTC10.getKeytrol()'><b>getKeytrol</b><br>Test class: test.dataProviderAnnotationTC10<br>Parameters: secondUserName, secondUserPassword</td>
<td></td>
<td>0</td>
<td>test.dataProviderAnnotationTC10@1e2dbf3</td></tr>
<tr>
<td title='test.dataProviderAnnotationTC10.getKeytrol()'><b>getKeytrol</b><br>Test class: test.dataProviderAnnotationTC10<br>Parameters: thirdUserName, thirdUserPassword</td>
<td></td>
<td>0</td>
<td>test.dataProviderAnnotationTC10@1e2dbf3</td></tr>
<tr>
<td title='test.dataProviderAnnotationTC10.getKeytrol()'><b>getKeytrol</b><br>Test class: test.dataProviderAnnotationTC10<br>Parameters: fourthdUserName, fourthUserPassword</td>
<td></td>
<td>0</td>
<td>test.dataProviderAnnotationTC10@1e2dbf3</td></tr>
<tr>
<td title='test.dataProviderAnnotationTC10.getKeytrol()'><b>getKeytrol</b><br>Test class: test.dataProviderAnnotationTC10<br>Parameters: fifthUserName, fifthUserPassword</td>
<td></td>
<td>0</td>
<td>test.dataProviderAnnotationTC10@1e2dbf3</td></tr>
<tr>
<td title='test.parameterisingTC08.keytrolComplete()'><b>keytrolComplete</b><br>Test class: test.parameterisingTC08</td>
<td></td>
<td>0</td>
<td>test.parameterisingTC08@87af79</td></tr>
<tr>
<td title='test.helpAttributeEnabledTC07.orderManagement()'><b>orderManagement</b><br>Test class: test.helpAttributeEnabledTC07</td>
<td></td>
<td>0</td>
<td>test.helpAttributeEnabledTC07@1970963</td></tr>
<tr>
<td title='test.helpAttribute_dependsOnMethodsTC05.orderManagement()'><b>orderManagement</b><br>Test class: test.helpAttribute_dependsOnMethodsTC05</td>
<td></td>
<td>0</td>
<td>test.helpAttribute_dependsOnMethodsTC05@1f8bee4</td></tr>
<tr>
<td title='test.helpAttribute_dependsOnMethodsTC05.productCatlogue()'><b>productCatlogue</b><br>Test class: test.helpAttribute_dependsOnMethodsTC05</td>
<td></td>
<td>0</td>
<td>test.helpAttribute_dependsOnMethodsTC05@1f8bee4</td></tr>
<tr>
<td title='test.helpAttribute_timeOutTC06.productCatlogue()'><b>productCatlogue</b><br>Test class: test.helpAttribute_timeOutTC06</td>
<td></td>
<td>0</td>
<td>test.helpAttribute_timeOutTC06@149cea0</td></tr>
<tr>
<td title='test.parameterisingTC08.searchKeytrol()'><b>searchKeytrol</b><br>Test class: test.parameterisingTC08</td>
<td></td>
<td>0</td>
<td>test.parameterisingTC08@87af79</td></tr>
<tr>
<td title='test.helpAttributeEnabledTC07.subscription()'><b>subscription</b><br>Test class: test.helpAttributeEnabledTC07</td>
<td></td>
<td>0</td>
<td>test.helpAttributeEnabledTC07@1970963</td></tr>
<tr>
<td title='test.helpAttribute_dependsOnMethodsTC05.subscription()'><b>subscription</b><br>Test class: test.helpAttribute_dependsOnMethodsTC05</td>
<td></td>
<td>0</td>
<td>test.helpAttribute_dependsOnMethodsTC05@1f8bee4</td></tr>
<tr>
<td title='test.helpAttribute_timeOutTC06.subscription()'><b>subscription</b><br>Test class: test.helpAttribute_timeOutTC06</td>
<td></td>
<td>0</td>
<td>test.helpAttribute_timeOutTC06@149cea0</td></tr>
<tr>
<td title='test.TestCaseM1.test1()'><b>test1</b><br>Test class: test.TestCaseM1</td>
<td></td>
<td>0</td>
<td>test.TestCaseM1@1ac631b</td></tr>
<tr>
<td title='test.TestCaseM1.test2()'><b>test2</b><br>Test class: test.TestCaseM1</td>
<td></td>
<td>0</td>
<td>test.TestCaseM1@1ac631b</td></tr>
<tr>
<td title='test.TestCaseM2.test2()'><b>test2</b><br>Test class: test.TestCaseM2</td>
<td></td>
<td>0</td>
<td>test.TestCaseM2@19627bc</td></tr>
<tr>
<td title='test.helpAttribute_dependsOnMethodsTC05.userProfileManagement()'><b>userProfileManagement</b><br>Test class: test.helpAttribute_dependsOnMethodsTC05</td>
<td></td>
<td>0</td>
<td>test.helpAttribute_dependsOnMethodsTC05@1f8bee4</td></tr>
<tr>
<td title='test.helpAttribute_timeOutTC06.userProfileManagement()'><b>userProfileManagement</b><br>Test class: test.helpAttribute_timeOutTC06</td>
<td></td>
<td>0</td>
<td>test.helpAttribute_timeOutTC06@149cea0</td></tr>
</table><p>
</body>
</html>