<?xml version="1.0" encoding="UTF-8"?>
<!-- Generated by org.testng.reporters.JUnitXMLReporter -->
<testsuite hostname="DELL-PC" ignored="2" name="All test cases" tests="46" failures="8" timestamp="2019-09-22T15:29:38 IST" time="0.242" errors="0">
  <testcase name="deleteKeytrol" time="0.0" classname="test.dataProviderAnnotationTC10">
    <failure type="org.testng.TestNGException" message="
Parameter &amp;apos;URL1&amp;apos; is required by @Test on method deleteKeytrol but has not been marked @Optional or defined
in F:\EclipseIde_workSpace\TestNGTutorial\packagesTest.xml">
      <![CDATA[org.testng.TestNGException: 
Parameter 'URL1' is required by @Test on method deleteKeytrol but has not been marked @Optional or defined
in F:\EclipseIde_workSpace\TestNGTutorial\packagesTest.xml
at java.util.ArrayList.forEach(ArrayList.java:1257)
at java.util.concurrent.FutureTask.run(FutureTask.java:266)
at java.util.concurrent.ThreadPoolExecutor.runWorker(ThreadPoolExecutor.java:1149)
at java.util.concurrent.ThreadPoolExecutor$Worker.run(ThreadPoolExecutor.java:624)
at java.lang.Thread.run(Thread.java:748)
... Removed 17 stack frames]]>
    </failure>
  </testcase> <!-- deleteKeytrol -->
  <testcase name="getKeytrol" time="0.01" classname="test.dataProviderAnnotationTC10"/>
  <testcase name="getKeytrol" time="0.0" classname="test.dataProviderAnnotationTC10"/>
  <testcase name="getKeytrol" time="0.0" classname="test.dataProviderAnnotationTC10"/>
  <testcase name="getKeytrol" time="0.0" classname="test.dataProviderAnnotationTC10"/>
  <testcase name="getKeytrol" time="0.0" classname="test.dataProviderAnnotationTC10"/>
  <testcase name="syncKeytrol" time="0.0" classname="test.dataProviderAnnotationTC10">
    <failure type="org.testng.TestNGException" message="
Parameter &amp;apos;URL2&amp;apos; is required by @Test on method syncKeytrol but has not been marked @Optional or defined
in F:\EclipseIde_workSpace\TestNGTutorial\packagesTest.xml">
      <![CDATA[org.testng.TestNGException: 
Parameter 'URL2' is required by @Test on method syncKeytrol but has not been marked @Optional or defined
in F:\EclipseIde_workSpace\TestNGTutorial\packagesTest.xml
at java.util.ArrayList.forEach(ArrayList.java:1257)
at java.util.concurrent.FutureTask.run(FutureTask.java:266)
at java.util.concurrent.ThreadPoolExecutor.runWorker(ThreadPoolExecutor.java:1149)
at java.util.concurrent.ThreadPoolExecutor$Worker.run(ThreadPoolExecutor.java:624)
at java.lang.Thread.run(Thread.java:748)
... Removed 17 stack frames]]>
    </failure>
  </testcase> <!-- syncKeytrol -->
  <testcase name="Activation" time="0.0" classname="test.helpAttributeEnabledTC07">
    <failure type="org.testng.TestNGException" message="
Parameter &amp;apos;URL1&amp;apos; is required by @Test on method Activation but has not been marked @Optional or defined
in F:\EclipseIde_workSpace\TestNGTutorial\packagesTest.xml">
      <![CDATA[org.testng.TestNGException: 
Parameter 'URL1' is required by @Test on method Activation but has not been marked @Optional or defined
in F:\EclipseIde_workSpace\TestNGTutorial\packagesTest.xml
at java.util.ArrayList.forEach(ArrayList.java:1257)
at java.util.concurrent.FutureTask.run(FutureTask.java:266)
at java.util.concurrent.ThreadPoolExecutor.runWorker(ThreadPoolExecutor.java:1149)
at java.util.concurrent.ThreadPoolExecutor$Worker.run(ThreadPoolExecutor.java:624)
at java.lang.Thread.run(Thread.java:748)
... Removed 17 stack frames]]>
    </failure>
  </testcase> <!-- Activation -->
  <testcase name="charging" time="0.0" classname="test.helpAttributeEnabledTC07"/>
  <testcase name="deviceManagement" time="0.0" classname="test.helpAttributeEnabledTC07"/>
  <testcase name="orderManagement" time="0.0" classname="test.helpAttributeEnabledTC07"/>
  <testcase name="subscription" time="0.0" classname="test.helpAttributeEnabledTC07"/>
  <testcase name="userProfileManagement" time="0.0" classname="test.helpAttributeEnabledTC07">
    <failure type="org.testng.TestNGException" message="
Parameter &amp;apos;URL3&amp;apos; is required by @Test on method userProfileManagement but has not been marked @Optional or defined
in F:\EclipseIde_workSpace\TestNGTutorial\packagesTest.xml">
      <![CDATA[org.testng.TestNGException: 
Parameter 'URL3' is required by @Test on method userProfileManagement but has not been marked @Optional or defined
in F:\EclipseIde_workSpace\TestNGTutorial\packagesTest.xml
at java.util.ArrayList.forEach(ArrayList.java:1257)
at java.util.concurrent.FutureTask.run(FutureTask.java:266)
at java.util.concurrent.ThreadPoolExecutor.runWorker(ThreadPoolExecutor.java:1149)
at java.util.concurrent.ThreadPoolExecutor$Worker.run(ThreadPoolExecutor.java:624)
at java.lang.Thread.run(Thread.java:748)
... Removed 17 stack frames]]>
    </failure>
  </testcase> <!-- userProfileManagement -->
  <testcase name="orderManagement" time="0.01" classname="test.helpAttribute_dependsOnMethodsTC05"/>
  <testcase name="productCatlogue" time="0.0" classname="test.helpAttribute_dependsOnMethodsTC05"/>
  <testcase name="subscription" time="0.0" classname="test.helpAttribute_dependsOnMethodsTC05"/>
  <testcase name="userProfileManagement" time="0.0" classname="test.helpAttribute_dependsOnMethodsTC05"/>
  <testcase name="billingHistory" time="0.0" classname="test.helpAttribute_dependsOnMethodsTC05"/>
  <testcase name="charging" time="0.0" classname="test.helpAttribute_dependsOnMethodsTC05"/>
  <testcase name="deviceManagement" time="0.0" classname="test.helpAttribute_dependsOnMethodsTC05"/>
  <testcase name="Activation" time="0.0" classname="test.helpAttribute_timeOutTC06"/>
  <testcase name="billingHistory" time="0.0" classname="test.helpAttribute_timeOutTC06"/>
  <testcase name="charging" time="0.0" classname="test.helpAttribute_timeOutTC06"/>
  <testcase name="deviceManagement" time="0.0" classname="test.helpAttribute_timeOutTC06"/>
  <testcase name="orderManagement" time="0.0" classname="test.helpAttribute_timeOutTC06">
    <failure type="java.lang.AssertionError" message="did not expect to find [true] but found [false]">
      <![CDATA[java.lang.AssertionError: did not expect to find [true] but found [false]
at test.helpAttribute_timeOutTC06.orderManagement(helpAttribute_timeOutTC06.java:19)
at java.util.ArrayList.forEach(ArrayList.java:1257)
at java.util.concurrent.FutureTask.run(FutureTask.java:266)
at java.util.concurrent.ThreadPoolExecutor.runWorker(ThreadPoolExecutor.java:1149)
at java.util.concurrent.ThreadPoolExecutor$Worker.run(ThreadPoolExecutor.java:624)
at java.lang.Thread.run(Thread.java:748)
... Removed 22 stack frames]]>
    </failure>
  </testcase> <!-- orderManagement -->
  <testcase name="productCatlogue" time="0.0" classname="test.helpAttribute_timeOutTC06"/>
  <testcase name="subscription" time="0.02" classname="test.helpAttribute_timeOutTC06"/>
  <testcase name="userProfileManagement" time="0.0" classname="test.helpAttribute_timeOutTC06"/>
  <testcase name="deleteKeytrol" time="0.0" classname="test.parameterisingTC08">
    <failure type="org.testng.TestNGException" message="
Parameter &amp;apos;URL1&amp;apos; is required by @Test on method deleteKeytrol but has not been marked @Optional or defined
in F:\EclipseIde_workSpace\TestNGTutorial\packagesTest.xml">
      <![CDATA[org.testng.TestNGException: 
Parameter 'URL1' is required by @Test on method deleteKeytrol but has not been marked @Optional or defined
in F:\EclipseIde_workSpace\TestNGTutorial\packagesTest.xml
at java.util.ArrayList.forEach(ArrayList.java:1257)
at java.util.concurrent.FutureTask.run(FutureTask.java:266)
at java.util.concurrent.ThreadPoolExecutor.runWorker(ThreadPoolExecutor.java:1149)
at java.util.concurrent.ThreadPoolExecutor$Worker.run(ThreadPoolExecutor.java:624)
at java.lang.Thread.run(Thread.java:748)
... Removed 17 stack frames]]>
    </failure>
  </testcase> <!-- deleteKeytrol -->
  <testcase name="getKeytrol" time="0.0" classname="test.parameterisingTC08">
    <failure type="org.testng.TestNGException" message="
Parameter &amp;apos;APIkey/userName&amp;apos; is required by @Test on method getKeytrol but has not been marked @Optional or defined
in F:\EclipseIde_workSpace\TestNGTutorial\packagesTest.xml">
      <![CDATA[org.testng.TestNGException: 
Parameter 'APIkey/userName' is required by @Test on method getKeytrol but has not been marked @Optional or defined
in F:\EclipseIde_workSpace\TestNGTutorial\packagesTest.xml
at java.util.ArrayList.forEach(ArrayList.java:1257)
at java.util.concurrent.FutureTask.run(FutureTask.java:266)
at java.util.concurrent.ThreadPoolExecutor.runWorker(ThreadPoolExecutor.java:1149)
at java.util.concurrent.ThreadPoolExecutor$Worker.run(ThreadPoolExecutor.java:624)
at java.lang.Thread.run(Thread.java:748)
... Removed 17 stack frames]]>
    </failure>
  </testcase> <!-- getKeytrol -->
  <testcase name="keytrolComplete" time="0.01" classname="test.parameterisingTC08"/>
  <testcase name="searchKeytrol" time="0.0" classname="test.parameterisingTC08"/>
  <testcase name="syncKeytrol" time="0.0" classname="test.parameterisingTC08">
    <failure type="org.testng.TestNGException" message="
Parameter &amp;apos;URL2&amp;apos; is required by @Test on method syncKeytrol but has not been marked @Optional or defined
in F:\EclipseIde_workSpace\TestNGTutorial\packagesTest.xml">
      <![CDATA[org.testng.TestNGException: 
Parameter 'URL2' is required by @Test on method syncKeytrol but has not been marked @Optional or defined
in F:\EclipseIde_workSpace\TestNGTutorial\packagesTest.xml
at java.util.ArrayList.forEach(ArrayList.java:1257)
at java.util.concurrent.FutureTask.run(FutureTask.java:266)
at java.util.concurrent.ThreadPoolExecutor.runWorker(ThreadPoolExecutor.java:1149)
at java.util.concurrent.ThreadPoolExecutor$Worker.run(ThreadPoolExecutor.java:624)
at java.lang.Thread.run(Thread.java:748)
... Removed 17 stack frames]]>
    </failure>
  </testcase> <!-- syncKeytrol -->
  <testcase name="test1" time="0.0" classname="test.TestCaseM1"/>
  <testcase name="test2" time="0.0" classname="test.TestCaseM1"/>
  <testcase name="test2" time="0.0" classname="test.TestCaseM2"/>
  <testcase name="LoginAPICarLoan" time="0.0" classname="test.TestCaseM3"/>
  <testcase name="MobileLoan" time="0.0" classname="test.TestCaseM3"/>
  <testcase name="MobileLoginCarLoan" time="0.0" classname="test.TestCaseM3"/>
  <testcase name="MobileSigninCarLoan" time="0.0" classname="test.TestCaseM3"/>
  <testcase name="MobileSignoutCarLoan" time="0.0" classname="test.TestCaseM3"/>
  <testcase name="WebloginCarLoan" time="0.0" classname="test.TestCaseM3"/>
  <testcase name="LoginAPIHomeoan" time="0.0" classname="test.TestCaseM4"/>
  <testcase name="MobileLoginHomeLoan" time="0.0" classname="test.TestCaseM4"/>
  <testcase name="WebloginHomeLoan" time="0.0" classname="test.TestCaseM4"/>
  <testcase name="Activation" time="0.0" classname="test.helpAttribute_dependsOnMethodsTC05"/>
  <testcase name="productCatlogue" time="0.0" classname="test.helpAttributeEnabledTC07">
    <ignored/>
  </testcase> <!-- productCatlogue -->
  <testcase name="billingHistory" time="0.0" classname="test.helpAttributeEnabledTC07">
    <ignored/>
  </testcase> <!-- billingHistory -->
</testsuite> <!-- All test cases -->
